
=== Tue Mar 21 20:22:03 2023

Packages were changed.
Update Mode: updateDependencies

The following packages were updated:
  com.unity.2d.animation from version 3.2.11 to 3.2.14
  com.unity.2d.psdimporter from version 2.1.8 to 2.1.10
  com.unity.collab-proxy from version 1.8.0 to 1.14.4
  com.unity.ide.visualstudio from version 2.0.11 to 2.0.12
  com.unity.ide.vscode from version 1.2.3 to 1.2.4
  com.unity.test-framework from version 1.1.27 to 1.1.29

=== Tue Mar 21 21:06:29 2023

Packages were changed.
Update Mode: updateDependencies

The following packages were updated:
  com.unity.2d.animation from version 3.2.14 to 5.2.0
  com.unity.2d.pixel-perfect from version 2.1.0 to 4.0.1
  com.unity.2d.psdimporter from version 2.1.10 to 4.3.0
  com.unity.2d.spriteshape from version 3.0.18 to 5.3.0
  com.unity.collab-proxy from version 1.14.4 to 1.15.15
  com.unity.ide.rider from version 1.2.1 to 2.0.7
  com.unity.ide.visualstudio from version 2.0.12 to 2.0.14
  com.unity.ide.vscode from version 1.2.4 to 1.2.5
  com.unity.render-pipelines.universal from version 7.7.1 to 10.8.1
  com.unity.test-framework from version 1.1.29 to 1.1.31
  com.unity.textmeshpro from version 2.1.6 to 3.0.6
  com.unity.timeline from version 1.2.18 to 1.4.8
